# JRE version: OpenJDK Runtime Environment Temurin-21.0.3+9 (21.0.3+9) (build 21.0.3+9-LTS)
# Java VM: OpenJDK 64-Bit Server VM Temurin-21.0.3+9 (21.0.3+9-LTS, mixed mode, emulated-client, tiered, compressed oops, compressed class ptrs, g1 gc, windows-amd64)
GC Precious Log:
 CardTable entry size: 512
 Card Set container configuration: InlinePtr #cards 5 size 8 Array Of Cards #cards 12 size 40 Howl #buckets 4 coarsen threshold 1843 Howl Bitmap #cards 512 size 80 coarsen threshold 460 Card regions per heap region 1 cards per card region 2048
 CPUs: 8 total, 8 available
 Memory: 6091M
 Large Page Support: Disabled
 NUMA Support: Disabled
 Compressed Oops: Enabled (32-bit)
 Heap Region Size: 1M
 Heap Min Capacity: 8M
 Heap Initial Capacity: 96M
 Heap Max Capacity: 1524M
 Pre-touch: Disabled
 Parallel Workers: 8
 Concurrent Workers: 2
 Concurrent Refinement Workers: 8
 Periodic GC: Disabled
Heap:
 garbage-first heap   total 83968K, used 72399K [0x00000000a0c00000, 0x0000000100000000)
  region size 1024K, 33 young (33792K), 3 survivors (3072K)
 Metaspace       used 83656K, committed 84352K, reserved 1179648K
  class space    used 10965K, committed 11328K, reserved 1048576K
GC Heap History (20 events):
Event: 4458.657 GC heap after
{Heap after GC invocations=114 (full 13):
 garbage-first heap   total 83968K, used 33182K [0x00000000a0c00000, 0x0000000100000000)
  region size 1024K, 0 young (0K), 0 survivors (0K)
 Metaspace       used 82491K, committed 83584K, reserved 1179648K
  class space    used 10868K, committed 11264K, reserved 1048576K
}
Event: 4459.237 GC heap before
{Heap before GC invocations=114 (full 13):
 garbage-first heap   total 83968K, used 71070K [0x00000000a0c00000, 0x0000000100000000)
  region size 1024K, 38 young (38912K), 0 survivors (0K)
 Metaspace       used 82557K, committed 83584K, reserved 1179648K
  class space    used 10879K, committed 11264K, reserved 1048576K
}
Event: 4459.241 GC heap after
{Heap after GC invocations=115 (full 13):
 garbage-first heap   total 83968K, used 36371K [0x00000000a0c00000, 0x0000000100000000)
  region size 1024K, 4 young (4096K), 4 survivors (4096K)
 Metaspace       used 82557K, committed 83584K, reserved 1179648K
  class space    used 10879K, committed 11264K, reserved 1048576K
}
Event: 4459.889 GC heap before
{Heap before GC invocations=116 (full 13):
 garbage-first heap   total 83968K, used 71187K [0x00000000a0c00000, 0x0000000100000000)
  region size 1024K, 38 young (38912K), 4 survivors (4096K)
 Metaspace       used 82517K, committed 83584K, reserved 1179648K
  class space    used 10832K, committed 11264K, reserved 1048576K
}
Event: 4459.894 GC heap after
{Heap after GC invocations=117 (full 13):
 garbage-first heap   total 83968K, used 38986K [0x00000000a0c00000, 0x0000000100000000)
  region size 1024K, 3 young (3072K), 3 survivors (3072K)
 Metaspace       used 82517K, committed 83584K, reserved 1179648K
  class space    used 10832K, committed 11264K, reserved 1048576K
}
Event: 4666.125 GC heap before
{Heap before GC invocations=117 (full 13):
 garbage-first heap   total 83968K, used 70730K [0x00000000a0c00000, 0x0000000100000000)
  region size 1024K, 35 young (35840K), 3 survivors (3072K)
 Metaspace       used 82563K, committed 83584K, reserved 1179648K
  class space    used 10836K, committed 11264K, reserved 1048576K
}
Event: 4666.186 GC heap after
{Heap after GC invocations=118 (full 14):
 garbage-first heap   total 83968K, used 32801K [0x00000000a0c00000, 0x0000000100000000)
  region size 1024K, 0 young (0K), 0 survivors (0K)
 Metaspace       used 82560K, committed 83584K, reserved 1179648K
  class space    used 10836K, committed 11264K, reserved 1048576K
}
Event: 4666.812 GC heap before
{Heap before GC invocations=118 (full 14):
 garbage-first heap   total 83968K, used 71713K [0x00000000a0c00000, 0x0000000100000000)
  region size 1024K, 39 young (39936K), 0 survivors (0K)
 Metaspace       used 82624K, committed 83584K, reserved 1179648K
  class space    used 10845K, committed 11264K, reserved 1048576K
}
Event: 4666.817 GC heap after
{Heap after GC invocations=119 (full 14):
 garbage-first heap   total 83968K, used 36297K [0x00000000a0c00000, 0x0000000100000000)
  region size 1024K, 4 young (4096K), 4 survivors (4096K)
 Metaspace       used 82624K, committed 83584K, reserved 1179648K
  class space    used 10845K, committed 11264K, reserved 1048576K
}
Event: 4667.487 GC heap before
{Heap before GC invocations=120 (full 14):
 garbage-first heap   total 83968K, used 71113K [0x00000000a0c00000, 0x0000000100000000)
  region size 1024K, 39 young (39936K), 4 survivors (4096K)
 Metaspace       used 82850K, committed 83776K, reserved 1179648K
  class space    used 10865K, committed 11264K, reserved 1048576K
}
Event: 4667.493 GC heap after
{Heap after GC invocations=121 (full 14):
 garbage-first heap   total 83968K, used 39147K [0x00000000a0c00000, 0x0000000100000000)
  region size 1024K, 4 young (4096K), 4 survivors (4096K)
 Metaspace       used 82850K, committed 83776K, reserved 1179648K
  class space    used 10865K, committed 11264K, reserved 1048576K
}
Event: 4686.527 GC heap before
{Heap before GC invocations=121 (full 14):
 garbage-first heap   total 83968K, used 69867K [0x00000000a0c00000, 0x0000000100000000)
  region size 1024K, 35 young (35840K), 4 survivors (4096K)
 Metaspace       used 83041K, committed 83840K, reserved 1179648K
  class space    used 10883K, committed 11264K, reserved 1048576K
}
Event: 4686.534 GC heap after
{Heap after GC invocations=122 (full 14):
 garbage-first heap   total 83968K, used 42633K [0x00000000a0c00000, 0x0000000100000000)
  region size 1024K, 5 young (5120K), 5 survivors (5120K)
 Metaspace       used 83041K, committed 83840K, reserved 1179648K
  class space    used 10883K, committed 11264K, reserved 1048576K
}
Event: 4882.500 GC heap before
{Heap before GC invocations=122 (full 14):
 garbage-first heap   total 83968K, used 55945K [0x00000000a0c00000, 0x0000000100000000)
  region size 1024K, 19 young (19456K), 5 survivors (5120K)
 Metaspace       used 83168K, committed 83840K, reserved 1179648K
  class space    used 10898K, committed 11264K, reserved 1048576K
}
Event: 4882.572 GC heap after
{Heap after GC invocations=123 (full 15):
 garbage-first heap   total 83968K, used 35633K [0x00000000a0c00000, 0x0000000100000000)
  region size 1024K, 0 young (0K), 0 survivors (0K)
 Metaspace       used 83165K, committed 83840K, reserved 1179648K
  class space    used 10897K, committed 11264K, reserved 1048576K
}
Event: 4883.120 GC heap before
{Heap before GC invocations=123 (full 15):
 garbage-first heap   total 83968K, used 70449K [0x00000000a0c00000, 0x0000000100000000)
  region size 1024K, 35 young (35840K), 0 survivors (0K)
 Metaspace       used 83236K, committed 83904K, reserved 1179648K
  class space    used 10909K, committed 11264K, reserved 1048576K
}
Event: 4883.123 GC heap after
{Heap after GC invocations=124 (full 15):
 garbage-first heap   total 83968K, used 38874K [0x00000000a0c00000, 0x0000000100000000)
  region size 1024K, 4 young (4096K), 4 survivors (4096K)
 Metaspace       used 83236K, committed 83904K, reserved 1179648K
  class space    used 10909K, committed 11264K, reserved 1048576K
}
Event: 4883.814 GC heap before
{Heap before GC invocations=125 (full 15):
 garbage-first heap   total 83968K, used 70618K [0x00000000a0c00000, 0x0000000100000000)
  region size 1024K, 35 young (35840K), 4 survivors (4096K)
 Metaspace       used 83365K, committed 84096K, reserved 1179648K
  class space    used 10913K, committed 11328K, reserved 1048576K
}
Event: 4883.820 GC heap after
{Heap after GC invocations=126 (full 15):
 garbage-first heap   total 83968K, used 41679K [0x00000000a0c00000, 0x0000000100000000)
  region size 1024K, 3 young (3072K), 3 survivors (3072K)
 Metaspace       used 83365K, committed 84096K, reserved 1179648K
  class space    used 10913K, committed 11328K, reserved 1048576K
}
Event: 5001.799 GC heap before
{Heap before GC invocations=126 (full 15):
 garbage-first heap   total 83968K, used 71375K [0x00000000a0c00000, 0x0000000100000000)
  region size 1024K, 33 young (33792K), 3 survivors (3072K)
 Metaspace       used 83656K, committed 84352K, reserved 1179648K
  class space    used 10965K, committed 11328K, reserved 1048576K
}

